running on gal-c6.uncc.edu
THREAD=4: before starting time is Tue Oct 26 23:37:27 EDT 2021
/var/spool/slurm/slurmd/job6795714/slurm_script: line 44: 3161434 Killed                  ./dynamic_sched 1 0 10 ${n} ${intensity} ${THREAD} ${gran} 2> ${RESULTDIR}/dynamic_${n}_${intensity}_${THREAD}_${gran} > /dev/null
/var/spool/slurm/slurmd/job6795714/slurm_script: line 44: 3161457 Killed                  ./dynamic_sched 1 0 10 ${n} ${intensity} ${THREAD} ${gran} 2> ${RESULTDIR}/dynamic_${n}_${intensity}_${THREAD}_${gran} > /dev/null
/var/spool/slurm/slurmd/job6795714/slurm_script: line 44: 3161476 Killed                  ./dynamic_sched 1 0 10 ${n} ${intensity} ${THREAD} ${gran} 2> ${RESULTDIR}/dynamic_${n}_${intensity}_${THREAD}_${gran} > /dev/null
/var/spool/slurm/slurmd/job6795714/slurm_script: line 44: 3161497 Killed                  ./dynamic_sched 1 0 10 ${n} ${intensity} ${THREAD} ${gran} 2> ${RESULTDIR}/dynamic_${n}_${intensity}_${THREAD}_${gran} > /dev/null
/var/spool/slurm/slurmd/job6795714/slurm_script: line 44: 3161514 Killed                  ./dynamic_sched 1 0 10 ${n} ${intensity} ${THREAD} ${gran} 2> ${RESULTDIR}/dynamic_${n}_${intensity}_${THREAD}_${gran} > /dev/null
/var/spool/slurm/slurmd/job6795714/slurm_script: line 44: 3161528 Killed                  ./dynamic_sched 1 0 10 ${n} ${intensity} ${THREAD} ${gran} 2> ${RESULTDIR}/dynamic_${n}_${intensity}_${THREAD}_${gran} > /dev/null
/var/spool/slurm/slurmd/job6795714/slurm_script: line 44: 3161566 Killed                  ./dynamic_sched 1 0 10 ${n} ${intensity} ${THREAD} ${gran} 2> ${RESULTDIR}/dynamic_${n}_${intensity}_${THREAD}_${gran} > /dev/null
/var/spool/slurm/slurmd/job6795714/slurm_script: line 44: 3161573 Killed                  ./dynamic_sched 1 0 10 ${n} ${intensity} ${THREAD} ${gran} 2> ${RESULTDIR}/dynamic_${n}_${intensity}_${THREAD}_${gran} > /dev/null
/var/spool/slurm/slurmd/job6795714/slurm_script: line 44: 3161578 Killed                  ./dynamic_sched 1 0 10 ${n} ${intensity} ${THREAD} ${gran} 2> ${RESULTDIR}/dynamic_${n}_${intensity}_${THREAD}_${gran} > /dev/null
/var/spool/slurm/slurmd/job6795714/slurm_script: line 44: 3161586 Killed                  ./dynamic_sched 1 0 10 ${n} ${intensity} ${THREAD} ${gran} 2> ${RESULTDIR}/dynamic_${n}_${intensity}_${THREAD}_${gran} > /dev/null
/var/spool/slurm/slurmd/job6795714/slurm_script: line 44: 3161597 Killed                  ./dynamic_sched 1 0 10 ${n} ${intensity} ${THREAD} ${gran} 2> ${RESULTDIR}/dynamic_${n}_${intensity}_${THREAD}_${gran} > /dev/null
/var/spool/slurm/slurmd/job6795714/slurm_script: line 44: 3161607 Killed                  ./dynamic_sched 1 0 10 ${n} ${intensity} ${THREAD} ${gran} 2> ${RESULTDIR}/dynamic_${n}_${intensity}_${THREAD}_${gran} > /dev/null
/var/spool/slurm/slurmd/job6795714/slurm_script: line 44: 3161629 Killed                  ./dynamic_sched 1 0 10 ${n} ${intensity} ${THREAD} ${gran} 2> ${RESULTDIR}/dynamic_${n}_${intensity}_${THREAD}_${gran} > /dev/null
/var/spool/slurm/slurmd/job6795714/slurm_script: line 44: 3161633 Killed                  ./dynamic_sched 1 0 10 ${n} ${intensity} ${THREAD} ${gran} 2> ${RESULTDIR}/dynamic_${n}_${intensity}_${THREAD}_${gran} > /dev/null
/var/spool/slurm/slurmd/job6795714/slurm_script: line 44: 3161634 Killed                  ./dynamic_sched 1 0 10 ${n} ${intensity} ${THREAD} ${gran} 2> ${RESULTDIR}/dynamic_${n}_${intensity}_${THREAD}_${gran} > /dev/null
/var/spool/slurm/slurmd/job6795714/slurm_script: line 44: 3161640 Killed                  ./dynamic_sched 1 0 10 ${n} ${intensity} ${THREAD} ${gran} 2> ${RESULTDIR}/dynamic_${n}_${intensity}_${THREAD}_${gran} > /dev/null
/var/spool/slurm/slurmd/job6795714/slurm_script: line 44: 3161643 Killed                  ./dynamic_sched 1 0 10 ${n} ${intensity} ${THREAD} ${gran} 2> ${RESULTDIR}/dynamic_${n}_${intensity}_${THREAD}_${gran} > /dev/null
/var/spool/slurm/slurmd/job6795714/slurm_script: line 44: 3161651 Killed                  ./dynamic_sched 1 0 10 ${n} ${intensity} ${THREAD} ${gran} 2> ${RESULTDIR}/dynamic_${n}_${intensity}_${THREAD}_${gran} > /dev/null
/var/spool/slurm/slurmd/job6795714/slurm_script: line 44: 3161746 Killed                  ./dynamic_sched 1 0 10 ${n} ${intensity} ${THREAD} ${gran} 2> ${RESULTDIR}/dynamic_${n}_${intensity}_${THREAD}_${gran} > /dev/null
/var/spool/slurm/slurmd/job6795714/slurm_script: line 44: 3161748 Killed                  ./dynamic_sched 1 0 10 ${n} ${intensity} ${THREAD} ${gran} 2> ${RESULTDIR}/dynamic_${n}_${intensity}_${THREAD}_${gran} > /dev/null
/var/spool/slurm/slurmd/job6795714/slurm_script: line 44: 3161756 Killed                  ./dynamic_sched 1 0 10 ${n} ${intensity} ${THREAD} ${gran} 2> ${RESULTDIR}/dynamic_${n}_${intensity}_${THREAD}_${gran} > /dev/null
/var/spool/slurm/slurmd/job6795714/slurm_script: line 44: 3161759 Killed                  ./dynamic_sched 1 0 10 ${n} ${intensity} ${THREAD} ${gran} 2> ${RESULTDIR}/dynamic_${n}_${intensity}_${THREAD}_${gran} > /dev/null
/var/spool/slurm/slurmd/job6795714/slurm_script: line 44: 3161761 Killed                  ./dynamic_sched 1 0 10 ${n} ${intensity} ${THREAD} ${gran} 2> ${RESULTDIR}/dynamic_${n}_${intensity}_${THREAD}_${gran} > /dev/null
/var/spool/slurm/slurmd/job6795714/slurm_script: line 44: 3161767 Killed                  ./dynamic_sched 1 0 10 ${n} ${intensity} ${THREAD} ${gran} 2> ${RESULTDIR}/dynamic_${n}_${intensity}_${THREAD}_${gran} > /dev/null
THREAD=4: after ending time is Wed Oct 27 00:14:08 EDT 2021
slurmstepd: error: Detected 24 oom-kill event(s) in StepId=6795714.batch cgroup. Some of your processes may have been killed by the cgroup out-of-memory handler.
