running on gal-c7.uncc.edu
THREAD=12: before starting time is Tue Oct 26 23:37:26 EDT 2021
/var/spool/slurm/slurmd/job6795716/slurm_script: line 44: 2613229 Killed                  ./dynamic_sched 1 0 10 ${n} ${intensity} ${THREAD} ${gran} 2> ${RESULTDIR}/dynamic_${n}_${intensity}_${THREAD}_${gran} > /dev/null
/var/spool/slurm/slurmd/job6795716/slurm_script: line 44: 2613234 Killed                  ./dynamic_sched 1 0 10 ${n} ${intensity} ${THREAD} ${gran} 2> ${RESULTDIR}/dynamic_${n}_${intensity}_${THREAD}_${gran} > /dev/null
/var/spool/slurm/slurmd/job6795716/slurm_script: line 44: 2613235 Killed                  ./dynamic_sched 1 0 10 ${n} ${intensity} ${THREAD} ${gran} 2> ${RESULTDIR}/dynamic_${n}_${intensity}_${THREAD}_${gran} > /dev/null
/var/spool/slurm/slurmd/job6795716/slurm_script: line 44: 2613241 Killed                  ./dynamic_sched 1 0 10 ${n} ${intensity} ${THREAD} ${gran} 2> ${RESULTDIR}/dynamic_${n}_${intensity}_${THREAD}_${gran} > /dev/null
/var/spool/slurm/slurmd/job6795716/slurm_script: line 44: 2613245 Killed                  ./dynamic_sched 1 0 10 ${n} ${intensity} ${THREAD} ${gran} 2> ${RESULTDIR}/dynamic_${n}_${intensity}_${THREAD}_${gran} > /dev/null
/var/spool/slurm/slurmd/job6795716/slurm_script: line 44: 2613250 Killed                  ./dynamic_sched 1 0 10 ${n} ${intensity} ${THREAD} ${gran} 2> ${RESULTDIR}/dynamic_${n}_${intensity}_${THREAD}_${gran} > /dev/null
/var/spool/slurm/slurmd/job6795716/slurm_script: line 44: 2613263 Killed                  ./dynamic_sched 1 0 10 ${n} ${intensity} ${THREAD} ${gran} 2> ${RESULTDIR}/dynamic_${n}_${intensity}_${THREAD}_${gran} > /dev/null
/var/spool/slurm/slurmd/job6795716/slurm_script: line 44: 2613267 Killed                  ./dynamic_sched 1 0 10 ${n} ${intensity} ${THREAD} ${gran} 2> ${RESULTDIR}/dynamic_${n}_${intensity}_${THREAD}_${gran} > /dev/null
/var/spool/slurm/slurmd/job6795716/slurm_script: line 44: 2613269 Killed                  ./dynamic_sched 1 0 10 ${n} ${intensity} ${THREAD} ${gran} 2> ${RESULTDIR}/dynamic_${n}_${intensity}_${THREAD}_${gran} > /dev/null
/var/spool/slurm/slurmd/job6795716/slurm_script: line 44: 2613275 Killed                  ./dynamic_sched 1 0 10 ${n} ${intensity} ${THREAD} ${gran} 2> ${RESULTDIR}/dynamic_${n}_${intensity}_${THREAD}_${gran} > /dev/null
/var/spool/slurm/slurmd/job6795716/slurm_script: line 44: 2613279 Killed                  ./dynamic_sched 1 0 10 ${n} ${intensity} ${THREAD} ${gran} 2> ${RESULTDIR}/dynamic_${n}_${intensity}_${THREAD}_${gran} > /dev/null
/var/spool/slurm/slurmd/job6795716/slurm_script: line 44: 2613284 Killed                  ./dynamic_sched 1 0 10 ${n} ${intensity} ${THREAD} ${gran} 2> ${RESULTDIR}/dynamic_${n}_${intensity}_${THREAD}_${gran} > /dev/null
/var/spool/slurm/slurmd/job6795716/slurm_script: line 44: 2613298 Killed                  ./dynamic_sched 1 0 10 ${n} ${intensity} ${THREAD} ${gran} 2> ${RESULTDIR}/dynamic_${n}_${intensity}_${THREAD}_${gran} > /dev/null
/var/spool/slurm/slurmd/job6795716/slurm_script: line 44: 2613300 Killed                  ./dynamic_sched 1 0 10 ${n} ${intensity} ${THREAD} ${gran} 2> ${RESULTDIR}/dynamic_${n}_${intensity}_${THREAD}_${gran} > /dev/null
/var/spool/slurm/slurmd/job6795716/slurm_script: line 44: 2613303 Killed                  ./dynamic_sched 1 0 10 ${n} ${intensity} ${THREAD} ${gran} 2> ${RESULTDIR}/dynamic_${n}_${intensity}_${THREAD}_${gran} > /dev/null
/var/spool/slurm/slurmd/job6795716/slurm_script: line 44: 2613316 Killed                  ./dynamic_sched 1 0 10 ${n} ${intensity} ${THREAD} ${gran} 2> ${RESULTDIR}/dynamic_${n}_${intensity}_${THREAD}_${gran} > /dev/null
/var/spool/slurm/slurmd/job6795716/slurm_script: line 44: 2613317 Killed                  ./dynamic_sched 1 0 10 ${n} ${intensity} ${THREAD} ${gran} 2> ${RESULTDIR}/dynamic_${n}_${intensity}_${THREAD}_${gran} > /dev/null
/var/spool/slurm/slurmd/job6795716/slurm_script: line 44: 2613323 Killed                  ./dynamic_sched 1 0 10 ${n} ${intensity} ${THREAD} ${gran} 2> ${RESULTDIR}/dynamic_${n}_${intensity}_${THREAD}_${gran} > /dev/null
/var/spool/slurm/slurmd/job6795716/slurm_script: line 44: 2613355 Killed                  ./dynamic_sched 1 0 10 ${n} ${intensity} ${THREAD} ${gran} 2> ${RESULTDIR}/dynamic_${n}_${intensity}_${THREAD}_${gran} > /dev/null
/var/spool/slurm/slurmd/job6795716/slurm_script: line 44: 2613359 Killed                  ./dynamic_sched 1 0 10 ${n} ${intensity} ${THREAD} ${gran} 2> ${RESULTDIR}/dynamic_${n}_${intensity}_${THREAD}_${gran} > /dev/null
/var/spool/slurm/slurmd/job6795716/slurm_script: line 44: 2613361 Killed                  ./dynamic_sched 1 0 10 ${n} ${intensity} ${THREAD} ${gran} 2> ${RESULTDIR}/dynamic_${n}_${intensity}_${THREAD}_${gran} > /dev/null
/var/spool/slurm/slurmd/job6795716/slurm_script: line 44: 2613368 Killed                  ./dynamic_sched 1 0 10 ${n} ${intensity} ${THREAD} ${gran} 2> ${RESULTDIR}/dynamic_${n}_${intensity}_${THREAD}_${gran} > /dev/null
/var/spool/slurm/slurmd/job6795716/slurm_script: line 44: 2613373 Killed                  ./dynamic_sched 1 0 10 ${n} ${intensity} ${THREAD} ${gran} 2> ${RESULTDIR}/dynamic_${n}_${intensity}_${THREAD}_${gran} > /dev/null
/var/spool/slurm/slurmd/job6795716/slurm_script: line 44: 2613377 Killed                  ./dynamic_sched 1 0 10 ${n} ${intensity} ${THREAD} ${gran} 2> ${RESULTDIR}/dynamic_${n}_${intensity}_${THREAD}_${gran} > /dev/null
THREAD=12: after ending time is Wed Oct 27 00:18:21 EDT 2021
slurmstepd: error: Detected 24 oom-kill event(s) in StepId=6795716.batch cgroup. Some of your processes may have been killed by the cgroup out-of-memory handler.
